<?xml version="1.0" encoding="UTF-8"?>
<!-- Generated by org.testng.reporters.JUnitReportReporter -->
<testsuite skipped="0" hostname="Aswins-Air.modem" name="JSONSchemaValidator" tests="1" failures="0" timestamp="2021-11-05T15:05:48 AEDT" time="3.915" errors="0">
  <testcase name="test_01" time="3.915" classname="JSONSchemaValidator"/>
  <system-out/>
</testsuite> <!-- JSONSchemaValidator -->
