<?xml version="1.0" encoding="UTF-8"?>
<!-- Generated by org.testng.reporters.JUnitReportReporter -->
<testsuite skipped="0" hostname="Aswins-Air.modem" name="SoapXMLRequest" tests="1" failures="0" timestamp="2021-11-05T15:51:47 AEDT" time="2.879" errors="0">
  <testcase name="validateSOAPXML" time="2.879" classname="SoapXMLRequest"/>
  <system-out/>
</testsuite> <!-- SoapXMLRequest -->
