<?xml version="1.0" encoding="UTF-8"?>
<!-- Generated by org.testng.reporters.JUnitReportReporter -->
<testsuite skipped="0" hostname="Aswins-Air.modem" name="Test_POST" tests="4" failures="0" timestamp="2021-10-27T16:26:38 AEDT" time="7.338" errors="0">
  <testcase name="testPatch" time="1.147" classname="Test_POST"/>
  <system-out/>
  <testcase name="testPut" time="0.981" classname="Test_POST"/>
  <system-out/>
  <testcase name="testPost" time="1.033" classname="Test_POST"/>
  <system-out/>
  <testcase name="testDelete" time="4.177" classname="Test_POST"/>
  <system-out/>
</testsuite> <!-- Test_POST -->
