<?xml version="1.0" encoding="UTF-8"?>
<!-- Generated by org.testng.reporters.JUnitReportReporter -->
<testsuite skipped="0" hostname="Aswins-Air.modem" name="Tests_GET" tests="1" failures="0" timestamp="2021-10-27T14:18:45 AEDT" time="7.334" errors="0">
  <testcase name="test_01" time="7.334" classname="Tests_GET"/>
  <system-out/>
</testsuite> <!-- Tests_GET -->
