<?xml version="1.0" encoding="UTF-8"?>
<!-- Generated by org.testng.reporters.JUnitReportReporter -->
<testsuite skipped="0" hostname="Aswins-Air.modem" name="Examples" tests="1" failures="0" timestamp="2021-11-04T11:27:00 AEDT" time="2.418" errors="0">
  <testcase name="testPatch" time="2.418" classname="Examples"/>
  <system-out/>
</testsuite> <!-- Examples -->
