<?xml version="1.0" encoding="UTF-8"?>
<!-- Generated by org.testng.reporters.JUnitReportReporter -->
<testsuite skipped="0" hostname="Aswins-Air.modem" name="Test01_GET" tests="2" failures="0" timestamp="2021-10-27T14:03:32 AEDT" time="10.369" errors="0">
  <testcase name="test_01" time="6.526" classname="Test01_GET"/>
  <system-out/>
  <testcase name="test_02" time="3.843" classname="Test01_GET"/>
  <system-out/>
</testsuite> <!-- Test01_GET -->
