<?xml version="1.0" encoding="UTF-8"?>
<!-- Generated by org.testng.reporters.JUnitReportReporter -->
<testsuite skipped="0" hostname="Aswins-Air.modem" name="XMLSchemaValidation" tests="1" failures="0" timestamp="2021-11-08T15:48:16 AEDT" time="5.659" errors="0">
  <testcase name="schemaValidation" time="5.659" classname="XMLSchemaValidation"/>
  <system-out/>
</testsuite> <!-- XMLSchemaValidation -->
